Flow report for cpu_ctrl
Thu May 11 13:41:10 2023
Quartus Prime Version 16.1.0 Build 196 10/24/2016 SJ Lite Edition


---------------------
; Table of Contents ;
---------------------
  1. Legal Notice
  2. Flow Summary
  3. Flow Settings
  4. Flow Non-Default Global Settings
  5. Flow Elapsed Time
  6. Flow OS Summary
  7. Flow Log
  8. Flow Messages
  9. Flow Suppressed Messages



----------------
; Legal Notice ;
----------------
Copyright (C) 2016  Intel Corporation. All rights reserved.
Your use of Intel Corporation's design tools, logic functions 
and other software and tools, and its AMPP partner logic 
functions, and any output files from any of the foregoing 
(including device programming or simulation files), and any 
associated documentation or information are expressly subject 
to the terms and conditions of the Intel Program License 
Subscription Agreement, the Intel Quartus Prime License Agreement,
the Intel MegaCore Function License Agreement, or other 
applicable license agreement, including, without limitation, 
that your use is for the sole purpose of programming logic 
devices manufactured by Intel and sold by Intel or its 
authorized distributors.  Please refer to the applicable 
agreement for further details.



+----------------------------------------------------------------------------------+
; Flow Summary                                                                     ;
+------------------------------------+---------------------------------------------+
; Flow Status                        ; Successful - Thu May 11 13:41:10 2023       ;
; Quartus Prime Version              ; 16.1.0 Build 196 10/24/2016 SJ Lite Edition ;
; Revision Name                      ; cpu_ctrl                                    ;
; Top-level Entity Name              ; cpu_ctrl                                    ;
; Family                             ; Cyclone IV E                                ;
; Device                             ; EP4CE115F29C7                               ;
; Timing Models                      ; Final                                       ;
; Total logic elements               ; 3,833 / 114,480 ( 3 % )                     ;
;     Total combinational functions  ; 3,487 / 114,480 ( 3 % )                     ;
;     Dedicated logic registers      ; 1,132 / 114,480 ( < 1 % )                   ;
; Total registers                    ; 1132                                        ;
; Total pins                         ; 87 / 529 ( 16 % )                           ;
; Total virtual pins                 ; 0                                           ;
; Total memory bits                  ; 16,384 / 3,981,312 ( < 1 % )                ;
; Embedded Multiplier 9-bit elements ; 6 / 532 ( 1 % )                             ;
; Total PLLs                         ; 0 / 4 ( 0 % )                               ;
+------------------------------------+---------------------------------------------+


+-----------------------------------------+
; Flow Settings                           ;
+-------------------+---------------------+
; Option            ; Setting             ;
+-------------------+---------------------+
; Start date & time ; 05/11/2023 13:32:48 ;
; Main task         ; Compilation         ;
; Revision Name     ; cpu_ctrl            ;
+-------------------+---------------------+


+------------------------------------------------------------------------------------------------------------------------------+
; Flow Non-Default Global Settings                                                                                             ;
+--------------------------------------+----------------------------------------+---------------+-------------+----------------+
; Assignment Name                      ; Value                                  ; Default Value ; Entity Name ; Section Id     ;
+--------------------------------------+----------------------------------------+---------------+-------------+----------------+
; COMPILER_SIGNATURE_ID                ; 238177198224018.168382636806764        ; --            ; --          ; --             ;
; EDA_DESIGN_INSTANCE_NAME             ; NA                                     ; --            ; --          ; tb             ;
; EDA_NATIVELINK_SIMULATION_TEST_BENCH ; tb                                     ; --            ; --          ; eda_simulation ;
; EDA_OUTPUT_DATA_FORMAT               ; Verilog Hdl                            ; --            ; --          ; eda_simulation ;
; EDA_SIMULATION_TOOL                  ; ModelSim-Altera (Verilog)              ; <None>        ; --          ; --             ;
; EDA_TEST_BENCH_ENABLE_STATUS         ; TEST_BENCH_MODE                        ; --            ; --          ; eda_simulation ;
; EDA_TEST_BENCH_FILE                  ; tb.v                                   ; --            ; --          ; tb             ;
; EDA_TEST_BENCH_FILE                  ; program_store.v                        ; --            ; --          ; tb             ;
; EDA_TEST_BENCH_FILE                  ; reg_file.v                             ; --            ; --          ; tb             ;
; EDA_TEST_BENCH_FILE                  ; ALU.v                                  ; --            ; --          ; tb             ;
; EDA_TEST_BENCH_FILE                  ; cpu_ctrl.v                             ; --            ; --          ; tb             ;
; EDA_TEST_BENCH_FILE                  ; main_memory.v                          ; --            ; --          ; tb             ;
; EDA_TEST_BENCH_FILE                  ; main_memory_init.mif                   ; --            ; --          ; tb             ;
; EDA_TEST_BENCH_FILE                  ; program.mif                            ; --            ; --          ; tb             ;
; EDA_TEST_BENCH_MODULE_NAME           ; tb                                     ; --            ; --          ; tb             ;
; EDA_TEST_BENCH_NAME                  ; tb                                     ; --            ; --          ; eda_simulation ;
; EDA_TIME_SCALE                       ; 1 ps                                   ; --            ; --          ; eda_simulation ;
; MAX_CORE_JUNCTION_TEMP               ; 85                                     ; --            ; --          ; --             ;
; MIN_CORE_JUNCTION_TEMP               ; 0                                      ; --            ; --          ; --             ;
; MISC_FILE                            ; main_memory_bb.v                       ; --            ; --          ; --             ;
; MISC_FILE                            ; program_store_bb.v                     ; --            ; --          ; --             ;
; NOMINAL_CORE_SUPPLY_VOLTAGE          ; 1.2V                                   ; --            ; --          ; --             ;
; PARTITION_COLOR                      ; -- (Not supported for targeted family) ; --            ; --          ; Top            ;
; PARTITION_FITTER_PRESERVATION_LEVEL  ; -- (Not supported for targeted family) ; --            ; --          ; Top            ;
; PARTITION_NETLIST_TYPE               ; -- (Not supported for targeted family) ; --            ; --          ; Top            ;
; POWER_BOARD_THERMAL_MODEL            ; None (CONSERVATIVE)                    ; --            ; --          ; --             ;
; POWER_PRESET_COOLING_SOLUTION        ; 23 MM HEAT SINK WITH 200 LFPM AIRFLOW  ; --            ; --          ; --             ;
; PROJECT_OUTPUT_DIRECTORY             ; output_files                           ; --            ; --          ; --             ;
; SMART_RECOMPILE                      ; On                                     ; Off           ; --          ; --             ;
+--------------------------------------+----------------------------------------+---------------+-------------+----------------+


+-------------------------------------------------------------------------------------------------------------------------------+
; Flow Elapsed Time                                                                                                             ;
+---------------------------+--------------+-------------------------+---------------------+------------------------------------+
; Module Name               ; Elapsed Time ; Average Processors Used ; Peak Virtual Memory ; Total CPU Time (on all processors) ;
+---------------------------+--------------+-------------------------+---------------------+------------------------------------+
; Analysis & Synthesis      ; 00:00:29     ; 1.0                     ; 4801 MB             ; 00:00:42                           ;
; Fitter                    ; 00:00:38     ; 1.1                     ; 5801 MB             ; 00:01:04                           ;
; Assembler                 ; 00:00:03     ; 1.0                     ; 4687 MB             ; 00:00:03                           ;
; TimeQuest Timing Analyzer ; 00:00:04     ; 1.8                     ; 4893 MB             ; 00:00:05                           ;
; EDA Netlist Writer        ; 00:00:04     ; 1.0                     ; 4689 MB             ; 00:00:04                           ;
; MIF/HEX Update            ; 00:00:01     ; 1.0                     ; 4774 MB             ; 00:00:02                           ;
; Assembler                 ; 00:00:04     ; 1.0                     ; 4690 MB             ; 00:00:04                           ;
; EDA Netlist Writer        ; 00:00:04     ; 1.0                     ; 4689 MB             ; 00:00:04                           ;
; MIF/HEX Update            ; 00:00:01     ; 1.0                     ; 4776 MB             ; 00:00:01                           ;
; Assembler                 ; 00:00:03     ; 1.0                     ; 4691 MB             ; 00:00:04                           ;
; EDA Netlist Writer        ; 00:00:05     ; 1.0                     ; 4690 MB             ; 00:00:04                           ;
; Total                     ; 00:01:36     ; --                      ; --                  ; 00:02:17                           ;
+---------------------------+--------------+-------------------------+---------------------+------------------------------------+


+-----------------------------------------------------------------------------------------+
; Flow OS Summary                                                                         ;
+---------------------------+------------------+------------+------------+----------------+
; Module Name               ; Machine Hostname ; OS Name    ; OS Version ; Processor type ;
+---------------------------+------------------+------------+------------+----------------+
; Analysis & Synthesis      ; CEC-EGB267-06    ; Windows 10 ; 10.0       ; x86_64         ;
; Fitter                    ; CEC-EGB267-06    ; Windows 10 ; 10.0       ; x86_64         ;
; Assembler                 ; CEC-EGB267-06    ; Windows 10 ; 10.0       ; x86_64         ;
; TimeQuest Timing Analyzer ; CEC-EGB267-06    ; Windows 10 ; 10.0       ; x86_64         ;
; EDA Netlist Writer        ; CEC-EGB267-06    ; Windows 10 ; 10.0       ; x86_64         ;
; MIF/HEX Update            ; CEC-EGB267-06    ; Windows 10 ; 10.0       ; x86_64         ;
; Assembler                 ; CEC-EGB267-06    ; Windows 10 ; 10.0       ; x86_64         ;
; EDA Netlist Writer        ; CEC-EGB267-06    ; Windows 10 ; 10.0       ; x86_64         ;
; MIF/HEX Update            ; CEC-EGB267-06    ; Windows 10 ; 10.0       ; x86_64         ;
; Assembler                 ; CEC-EGB267-06    ; Windows 10 ; 10.0       ; x86_64         ;
; EDA Netlist Writer        ; CEC-EGB267-06    ; Windows 10 ; 10.0       ; x86_64         ;
+---------------------------+------------------+------------+------------+----------------+


------------
; Flow Log ;
------------
quartus_map --read_settings_files=on --write_settings_files=off cpu_ctrl -c cpu_ctrl
quartus_fit --read_settings_files=off --write_settings_files=off cpu_ctrl -c cpu_ctrl
quartus_asm --read_settings_files=off --write_settings_files=off cpu_ctrl -c cpu_ctrl
quartus_sta cpu_ctrl -c cpu_ctrl
quartus_eda --read_settings_files=off --write_settings_files=off cpu_ctrl -c cpu_ctrl
quartus_cdb cpu_ctrl -c cpu_ctrl --update_mif
quartus_asm --read_settings_files=on --write_settings_files=off cpu_ctrl -c cpu_ctrl
quartus_eda --read_settings_files=off --write_settings_files=off cpu_ctrl -c cpu_ctrl
quartus_cdb cpu_ctrl -c cpu_ctrl --update_mif
quartus_asm --read_settings_files=on --write_settings_files=off cpu_ctrl -c cpu_ctrl
quartus_eda --read_settings_files=off --write_settings_files=off cpu_ctrl -c cpu_ctrl



