Analysis & Synthesis report for cpu_ctrl
Thu May 11 13:33:17 2023
Quartus Prime Version 16.1.0 Build 196 10/24/2016 SJ Lite Edition


---------------------
; Table of Contents ;
---------------------
  1. Legal Notice
  2. Analysis & Synthesis Summary
  3. Analysis & Synthesis Settings
  4. Parallel Compilation
  5. Analysis & Synthesis Source Files Read
  6. Analysis & Synthesis Resource Usage Summary
  7. Analysis & Synthesis Resource Utilization by Entity
  8. Analysis & Synthesis RAM Summary
  9. Analysis & Synthesis DSP Block Usage Summary
 10. Analysis & Synthesis IP Cores Summary
 11. Registers Removed During Synthesis
 12. General Register Statistics
 13. Multiplexer Restructuring Statistics (Restructuring Performed)
 14. Source assignments for main_memory:main_memory|altsyncram:altsyncram_component|altsyncram_fpi1:auto_generated
 15. Source assignments for program_store:my_program|altsyncram:altsyncram_component|altsyncram_aci1:auto_generated
 16. Parameter Settings for User Entity Instance: main_memory:main_memory|altsyncram:altsyncram_component
 17. Parameter Settings for User Entity Instance: program_store:my_program|altsyncram:altsyncram_component
 18. Parameter Settings for Inferred Entity Instance: ALU:alu|lpm_mult:Mult0
 19. altsyncram Parameter Settings by Entity Instance
 20. lpm_mult Parameter Settings by Entity Instance
 21. Port Connectivity Checks: "program_store:my_program"
 22. Post-Synthesis Netlist Statistics for Top Partition
 23. Elapsed Time Per Partition
 24. Analysis & Synthesis Messages
 25. Analysis & Synthesis Suppressed Messages



----------------
; Legal Notice ;
----------------
Copyright (C) 2016  Intel Corporation. All rights reserved.
Your use of Intel Corporation's design tools, logic functions 
and other software and tools, and its AMPP partner logic 
functions, and any output files from any of the foregoing 
(including device programming or simulation files), and any 
associated documentation or information are expressly subject 
to the terms and conditions of the Intel Program License 
Subscription Agreement, the Intel Quartus Prime License Agreement,
the Intel MegaCore Function License Agreement, or other 
applicable license agreement, including, without limitation, 
that your use is for the sole purpose of programming logic 
devices manufactured by Intel and sold by Intel or its 
authorized distributors.  Please refer to the applicable 
agreement for further details.



+----------------------------------------------------------------------------------+
; Analysis & Synthesis Summary                                                     ;
+------------------------------------+---------------------------------------------+
; Analysis & Synthesis Status        ; Successful - Thu May 11 13:33:17 2023       ;
; Quartus Prime Version              ; 16.1.0 Build 196 10/24/2016 SJ Lite Edition ;
; Revision Name                      ; cpu_ctrl                                    ;
; Top-level Entity Name              ; cpu_ctrl                                    ;
; Family                             ; Cyclone IV E                                ;
; Total logic elements               ; 4,479                                       ;
;     Total combinational functions  ; 3,487                                       ;
;     Dedicated logic registers      ; 1,132                                       ;
; Total registers                    ; 1132                                        ;
; Total pins                         ; 87                                          ;
; Total virtual pins                 ; 0                                           ;
; Total memory bits                  ; 16,384                                      ;
; Embedded Multiplier 9-bit elements ; 6                                           ;
; Total PLLs                         ; 0                                           ;
+------------------------------------+---------------------------------------------+


+----------------------------------------------------------------------------------------------------------------------+
; Analysis & Synthesis Settings                                                                                        ;
+----------------------------------------------------------------------------+--------------------+--------------------+
; Option                                                                     ; Setting            ; Default Value      ;
+----------------------------------------------------------------------------+--------------------+--------------------+
; Device                                                                     ; EP4CE115F29C7      ;                    ;
; Top-level entity name                                                      ; cpu_ctrl           ; cpu_ctrl           ;
; Family name                                                                ; Cyclone IV E       ; Cyclone V          ;
; Use smart compilation                                                      ; On                 ; Off                ;
; Enable parallel Assembler and TimeQuest Timing Analyzer during compilation ; On                 ; On                 ;
; Enable compact report table                                                ; Off                ; Off                ;
; Restructure Multiplexers                                                   ; Auto               ; Auto               ;
; Create Debugging Nodes for IP Cores                                        ; Off                ; Off                ;
; Preserve fewer node names                                                  ; On                 ; On                 ;
; OpenCore Plus hardware evaluation                                          ; Enable             ; Enable             ;
; Verilog Version                                                            ; Verilog_2001       ; Verilog_2001       ;
; VHDL Version                                                               ; VHDL_1993          ; VHDL_1993          ;
; State Machine Processing                                                   ; Auto               ; Auto               ;
; Safe State Machine                                                         ; Off                ; Off                ;
; Extract Verilog State Machines                                             ; On                 ; On                 ;
; Extract VHDL State Machines                                                ; On                 ; On                 ;
; Ignore Verilog initial constructs                                          ; Off                ; Off                ;
; Iteration limit for constant Verilog loops                                 ; 5000               ; 5000               ;
; Iteration limit for non-constant Verilog loops                             ; 250                ; 250                ;
; Add Pass-Through Logic to Inferred RAMs                                    ; On                 ; On                 ;
; Infer RAMs from Raw Logic                                                  ; On                 ; On                 ;
; Parallel Synthesis                                                         ; On                 ; On                 ;
; DSP Block Balancing                                                        ; Auto               ; Auto               ;
; NOT Gate Push-Back                                                         ; On                 ; On                 ;
; Power-Up Don't Care                                                        ; On                 ; On                 ;
; Remove Redundant Logic Cells                                               ; Off                ; Off                ;
; Remove Duplicate Registers                                                 ; On                 ; On                 ;
; Ignore CARRY Buffers                                                       ; Off                ; Off                ;
; Ignore CASCADE Buffers                                                     ; Off                ; Off                ;
; Ignore GLOBAL Buffers                                                      ; Off                ; Off                ;
; Ignore ROW GLOBAL Buffers                                                  ; Off                ; Off                ;
; Ignore LCELL Buffers                                                       ; Off                ; Off                ;
; Ignore SOFT Buffers                                                        ; On                 ; On                 ;
; Limit AHDL Integers to 32 Bits                                             ; Off                ; Off                ;
; Optimization Technique                                                     ; Balanced           ; Balanced           ;
; Carry Chain Length                                                         ; 70                 ; 70                 ;
; Auto Carry Chains                                                          ; On                 ; On                 ;
; Auto Open-Drain Pins                                                       ; On                 ; On                 ;
; Perform WYSIWYG Primitive Resynthesis                                      ; Off                ; Off                ;
; Auto ROM Replacement                                                       ; On                 ; On                 ;
; Auto RAM Replacement                                                       ; On                 ; On                 ;
; Auto DSP Block Replacement                                                 ; On                 ; On                 ;
; Auto Shift Register Replacement                                            ; Auto               ; Auto               ;
; Allow Shift Register Merging across Hierarchies                            ; Auto               ; Auto               ;
; Auto Clock Enable Replacement                                              ; On                 ; On                 ;
; Strict RAM Replacement                                                     ; Off                ; Off                ;
; Allow Synchronous Control Signals                                          ; On                 ; On                 ;
; Force Use of Synchronous Clear Signals                                     ; Off                ; Off                ;
; Auto RAM Block Balancing                                                   ; On                 ; On                 ;
; Auto RAM to Logic Cell Conversion                                          ; Off                ; Off                ;
; Auto Resource Sharing                                                      ; Off                ; Off                ;
; Allow Any RAM Size For Recognition                                         ; Off                ; Off                ;
; Allow Any ROM Size For Recognition                                         ; Off                ; Off                ;
; Allow Any Shift Register Size For Recognition                              ; Off                ; Off                ;
; Use LogicLock Constraints during Resource Balancing                        ; On                 ; On                 ;
; Ignore translate_off and synthesis_off directives                          ; Off                ; Off                ;
; Timing-Driven Synthesis                                                    ; On                 ; On                 ;
; Report Parameter Settings                                                  ; On                 ; On                 ;
; Report Source Assignments                                                  ; On                 ; On                 ;
; Report Connectivity Checks                                                 ; On                 ; On                 ;
; Ignore Maximum Fan-Out Assignments                                         ; Off                ; Off                ;
; Synchronization Register Chain Length                                      ; 2                  ; 2                  ;
; PowerPlay Power Optimization During Synthesis                              ; Normal compilation ; Normal compilation ;
; HDL message level                                                          ; Level2             ; Level2             ;
; Suppress Register Optimization Related Messages                            ; Off                ; Off                ;
; Number of Removed Registers Reported in Synthesis Report                   ; 5000               ; 5000               ;
; Number of Swept Nodes Reported in Synthesis Report                         ; 5000               ; 5000               ;
; Number of Inverted Registers Reported in Synthesis Report                  ; 100                ; 100                ;
; Clock MUX Protection                                                       ; On                 ; On                 ;
; Auto Gated Clock Conversion                                                ; Off                ; Off                ;
; Block Design Naming                                                        ; Auto               ; Auto               ;
; SDC constraint protection                                                  ; Off                ; Off                ;
; Synthesis Effort                                                           ; Auto               ; Auto               ;
; Shift Register Replacement - Allow Asynchronous Clear Signal               ; On                 ; On                 ;
; Pre-Mapping Resynthesis Optimization                                       ; Off                ; Off                ;
; Analysis & Synthesis Message Level                                         ; Medium             ; Medium             ;
; Disable Register Merging Across Hierarchies                                ; Auto               ; Auto               ;
; Resource Aware Inference For Block RAM                                     ; On                 ; On                 ;
+----------------------------------------------------------------------------+--------------------+--------------------+


+------------------------------------------+
; Parallel Compilation                     ;
+----------------------------+-------------+
; Processors                 ; Number      ;
+----------------------------+-------------+
; Number detected on machine ; 8           ;
; Maximum allowed            ; 4           ;
;                            ;             ;
; Average used               ; 1.00        ;
; Maximum used               ; 4           ;
;                            ;             ;
; Usage by Processor         ; % Time Used ;
;     Processor 1            ; 100.0%      ;
;     Processor 2            ;   0.1%      ;
;     Processor 3            ;   0.0%      ;
;     Processor 4            ;   0.0%      ;
+----------------------------+-------------+


+--------------------------------------------------------------------------------------------------------------------------------------------------------------------------------+
; Analysis & Synthesis Source Files Read                                                                                                                                         ;
+----------------------------------+-----------------+----------------------------------+------------------------------------------------------------------------------+---------+
; File Name with User-Entered Path ; Used in Netlist ; File Type                        ; File Name with Absolute Path                                                 ; Library ;
+----------------------------------+-----------------+----------------------------------+------------------------------------------------------------------------------+---------+
; reg_file.v                       ; yes             ; User Verilog HDL File            ; C:/intelFPGA_lite/projects289/basic_CPU/reg_file.v                           ;         ;
; ALU.v                            ; yes             ; User Verilog HDL File            ; C:/intelFPGA_lite/projects289/basic_CPU/ALU.v                                ;         ;
; cpu_ctrl.v                       ; yes             ; User Verilog HDL File            ; C:/intelFPGA_lite/projects289/basic_CPU/cpu_ctrl.v                           ;         ;
; main_memory.v                    ; yes             ; User Wizard-Generated File       ; C:/intelFPGA_lite/projects289/basic_CPU/main_memory.v                        ;         ;
; main_memory.mif                  ; yes             ; User Memory Initialization File  ; C:/intelFPGA_lite/projects289/basic_CPU/main_memory.mif                      ;         ;
; program_store.v                  ; yes             ; User Wizard-Generated File       ; C:/intelFPGA_lite/projects289/basic_CPU/program_store.v                      ;         ;
; program.mif                      ; yes             ; User Memory Initialization File  ; C:/intelFPGA_lite/projects289/basic_CPU/program.mif                          ;         ;
; display.v                        ; yes             ; User Verilog HDL File            ; C:/intelFPGA_lite/projects289/basic_CPU/display.v                            ;         ;
; altsyncram.tdf                   ; yes             ; Megafunction                     ; c:/intelfpga_lite/16.1/quartus/libraries/megafunctions/altsyncram.tdf        ;         ;
; stratix_ram_block.inc            ; yes             ; Megafunction                     ; c:/intelfpga_lite/16.1/quartus/libraries/megafunctions/stratix_ram_block.inc ;         ;
; lpm_mux.inc                      ; yes             ; Megafunction                     ; c:/intelfpga_lite/16.1/quartus/libraries/megafunctions/lpm_mux.inc           ;         ;
; lpm_decode.inc                   ; yes             ; Megafunction                     ; c:/intelfpga_lite/16.1/quartus/libraries/megafunctions/lpm_decode.inc        ;         ;
; aglobal161.inc                   ; yes             ; Megafunction                     ; c:/intelfpga_lite/16.1/quartus/libraries/megafunctions/aglobal161.inc        ;         ;
; a_rdenreg.inc                    ; yes             ; Megafunction                     ; c:/intelfpga_lite/16.1/quartus/libraries/megafunctions/a_rdenreg.inc         ;         ;
; altrom.inc                       ; yes             ; Megafunction                     ; c:/intelfpga_lite/16.1/quartus/libraries/megafunctions/altrom.inc            ;         ;
; altram.inc                       ; yes             ; Megafunction                     ; c:/intelfpga_lite/16.1/quartus/libraries/megafunctions/altram.inc            ;         ;
; altdpram.inc                     ; yes             ; Megafunction                     ; c:/intelfpga_lite/16.1/quartus/libraries/megafunctions/altdpram.inc          ;         ;
; db/altsyncram_fpi1.tdf           ; yes             ; Auto-Generated Megafunction      ; C:/intelFPGA_lite/projects289/basic_CPU/db/altsyncram_fpi1.tdf               ;         ;
; db/altsyncram_aci1.tdf           ; yes             ; Auto-Generated Megafunction      ; C:/intelFPGA_lite/projects289/basic_CPU/db/altsyncram_aci1.tdf               ;         ;
; lpm_mult.tdf                     ; yes             ; Megafunction                     ; c:/intelfpga_lite/16.1/quartus/libraries/megafunctions/lpm_mult.tdf          ;         ;
; lpm_add_sub.inc                  ; yes             ; Megafunction                     ; c:/intelfpga_lite/16.1/quartus/libraries/megafunctions/lpm_add_sub.inc       ;         ;
; multcore.inc                     ; yes             ; Megafunction                     ; c:/intelfpga_lite/16.1/quartus/libraries/megafunctions/multcore.inc          ;         ;
; bypassff.inc                     ; yes             ; Megafunction                     ; c:/intelfpga_lite/16.1/quartus/libraries/megafunctions/bypassff.inc          ;         ;
; altshift.inc                     ; yes             ; Megafunction                     ; c:/intelfpga_lite/16.1/quartus/libraries/megafunctions/altshift.inc          ;         ;
; db/mult_7dt.tdf                  ; yes             ; Auto-Generated Megafunction      ; C:/intelFPGA_lite/projects289/basic_CPU/db/mult_7dt.tdf                      ;         ;
+----------------------------------+-----------------+----------------------------------+------------------------------------------------------------------------------+---------+


+---------------------------------------------------------+
; Analysis & Synthesis Resource Usage Summary             ;
+---------------------------------------------+-----------+
; Resource                                    ; Usage     ;
+---------------------------------------------+-----------+
; Estimated Total logic elements              ; 4,479     ;
;                                             ;           ;
; Total combinational functions               ; 3487      ;
; Logic element usage by number of LUT inputs ;           ;
;     -- 4 input functions                    ; 2874      ;
;     -- 3 input functions                    ; 428       ;
;     -- <=2 input functions                  ; 185       ;
;                                             ;           ;
; Logic elements by mode                      ;           ;
;     -- normal mode                          ; 3314      ;
;     -- arithmetic mode                      ; 173       ;
;                                             ;           ;
; Total registers                             ; 1132      ;
;     -- Dedicated logic registers            ; 1132      ;
;     -- I/O registers                        ; 0         ;
;                                             ;           ;
; I/O pins                                    ; 87        ;
; Total memory bits                           ; 16384     ;
;                                             ;           ;
; Embedded Multiplier 9-bit elements          ; 6         ;
;                                             ;           ;
; Maximum fan-out node                        ; clk~input ;
; Maximum fan-out                             ; 1196      ;
; Total fan-out                               ; 18623     ;
; Average fan-out                             ; 3.83      ;
+---------------------------------------------+-----------+


+-----------------------------------------------------------------------------------------------------------------------------------------------------------------------------------------------------------------------------------------------------------------------------------------------------------+
; Analysis & Synthesis Resource Utilization by Entity                                                                                                                                                                                                                                                       ;
+-------------------------------------------+---------------------+---------------------------+-------------+--------------+---------+-----------+------+--------------+---------------------------------------------------------------------------------------------------+-----------------+--------------+
; Compilation Hierarchy Node                ; Combinational ALUTs ; Dedicated Logic Registers ; Memory Bits ; DSP Elements ; DSP 9x9 ; DSP 18x18 ; Pins ; Virtual Pins ; Full Hierarchy Name                                                                               ; Entity Name     ; Library Name ;
+-------------------------------------------+---------------------+---------------------------+-------------+--------------+---------+-----------+------+--------------+---------------------------------------------------------------------------------------------------+-----------------+--------------+
; |cpu_ctrl                                 ; 3487 (368)          ; 1132 (44)                 ; 16384       ; 6            ; 0       ; 3         ; 87   ; 0            ; |cpu_ctrl                                                                                         ; cpu_ctrl        ; work         ;
;    |ALU:alu|                              ; 596 (568)           ; 0 (0)                     ; 0           ; 6            ; 0       ; 3         ; 0    ; 0            ; |cpu_ctrl|ALU:alu                                                                                 ; ALU             ; work         ;
;       |lpm_mult:Mult0|                    ; 28 (0)              ; 0 (0)                     ; 0           ; 6            ; 0       ; 3         ; 0    ; 0            ; |cpu_ctrl|ALU:alu|lpm_mult:Mult0                                                                  ; lpm_mult        ; work         ;
;          |mult_7dt:auto_generated|        ; 28 (28)             ; 0 (0)                     ; 0           ; 6            ; 0       ; 3         ; 0    ; 0            ; |cpu_ctrl|ALU:alu|lpm_mult:Mult0|mult_7dt:auto_generated                                          ; mult_7dt        ; work         ;
;    |display:alu_in1_7seg|                 ; 7 (7)               ; 0 (0)                     ; 0           ; 0            ; 0       ; 0         ; 0    ; 0            ; |cpu_ctrl|display:alu_in1_7seg                                                                    ; display         ; work         ;
;    |display:alu_in2_7seg|                 ; 7 (7)               ; 0 (0)                     ; 0           ; 0            ; 0       ; 0         ; 0    ; 0            ; |cpu_ctrl|display:alu_in2_7seg                                                                    ; display         ; work         ;
;    |display:cl7_7seg|                     ; 7 (7)               ; 0 (0)                     ; 0           ; 0            ; 0       ; 0         ; 0    ; 0            ; |cpu_ctrl|display:cl7_7seg                                                                        ; display         ; work         ;
;    |display:data_in|                      ; 7 (7)               ; 0 (0)                     ; 0           ; 0            ; 0       ; 0         ; 0    ; 0            ; |cpu_ctrl|display:data_in                                                                         ; display         ; work         ;
;    |display:i_count_7seg|                 ; 7 (7)               ; 0 (0)                     ; 0           ; 0            ; 0       ; 0         ; 0    ; 0            ; |cpu_ctrl|display:i_count_7seg                                                                    ; display         ; work         ;
;    |display:mem_out_7seg|                 ; 7 (7)               ; 0 (0)                     ; 0           ; 0            ; 0       ; 0         ; 0    ; 0            ; |cpu_ctrl|display:mem_out_7seg                                                                    ; display         ; work         ;
;    |display:result|                       ; 7 (7)               ; 0 (0)                     ; 0           ; 0            ; 0       ; 0         ; 0    ; 0            ; |cpu_ctrl|display:result                                                                          ; display         ; work         ;
;    |main_memory:main_memory|              ; 0 (0)               ; 0 (0)                     ; 8192        ; 0            ; 0       ; 0         ; 0    ; 0            ; |cpu_ctrl|main_memory:main_memory                                                                 ; main_memory     ; work         ;
;       |altsyncram:altsyncram_component|   ; 0 (0)               ; 0 (0)                     ; 8192        ; 0            ; 0       ; 0         ; 0    ; 0            ; |cpu_ctrl|main_memory:main_memory|altsyncram:altsyncram_component                                 ; altsyncram      ; work         ;
;          |altsyncram_fpi1:auto_generated| ; 0 (0)               ; 0 (0)                     ; 8192        ; 0            ; 0       ; 0         ; 0    ; 0            ; |cpu_ctrl|main_memory:main_memory|altsyncram:altsyncram_component|altsyncram_fpi1:auto_generated  ; altsyncram_fpi1 ; work         ;
;    |program_store:my_program|             ; 0 (0)               ; 0 (0)                     ; 8192        ; 0            ; 0       ; 0         ; 0    ; 0            ; |cpu_ctrl|program_store:my_program                                                                ; program_store   ; work         ;
;       |altsyncram:altsyncram_component|   ; 0 (0)               ; 0 (0)                     ; 8192        ; 0            ; 0       ; 0         ; 0    ; 0            ; |cpu_ctrl|program_store:my_program|altsyncram:altsyncram_component                                ; altsyncram      ; work         ;
;          |altsyncram_aci1:auto_generated| ; 0 (0)               ; 0 (0)                     ; 8192        ; 0            ; 0       ; 0         ; 0    ; 0            ; |cpu_ctrl|program_store:my_program|altsyncram:altsyncram_component|altsyncram_aci1:auto_generated ; altsyncram_aci1 ; work         ;
;    |reg_file:main_reg|                    ; 2474 (2474)         ; 1088 (1088)               ; 0           ; 0            ; 0       ; 0         ; 0    ; 0            ; |cpu_ctrl|reg_file:main_reg                                                                       ; reg_file        ; work         ;
+-------------------------------------------+---------------------+---------------------------+-------------+--------------+---------+-----------+------+--------------+---------------------------------------------------------------------------------------------------+-----------------+--------------+
Note: For table entries with two numbers listed, the numbers in parentheses indicate the number of resources of the given type used by the specific entity alone. The numbers listed outside of parentheses indicate the total resources of the given type used by the specific entity and all of its sub-entities in the hierarchy.


+--------------------------------------------------------------------------------------------------------------------------------------------------------------------------------------------------------------+
; Analysis & Synthesis RAM Summary                                                                                                                                                                             ;
+----------------------------------------------------------------------------------------------------+------+-------------+--------------+--------------+--------------+--------------+------+-----------------+
; Name                                                                                               ; Type ; Mode        ; Port A Depth ; Port A Width ; Port B Depth ; Port B Width ; Size ; MIF             ;
+----------------------------------------------------------------------------------------------------+------+-------------+--------------+--------------+--------------+--------------+------+-----------------+
; main_memory:main_memory|altsyncram:altsyncram_component|altsyncram_fpi1:auto_generated|ALTSYNCRAM  ; AUTO ; Single Port ; 256          ; 32           ; --           ; --           ; 8192 ; main_memory.mif ;
; program_store:my_program|altsyncram:altsyncram_component|altsyncram_aci1:auto_generated|ALTSYNCRAM ; AUTO ; Single Port ; 256          ; 32           ; --           ; --           ; 8192 ; program.mif     ;
+----------------------------------------------------------------------------------------------------+------+-------------+--------------+--------------+--------------+--------------+------+-----------------+


+-----------------------------------------------------+
; Analysis & Synthesis DSP Block Usage Summary        ;
+---------------------------------------+-------------+
; Statistic                             ; Number Used ;
+---------------------------------------+-------------+
; Simple Multipliers (9-bit)            ; 0           ;
; Simple Multipliers (18-bit)           ; 3           ;
; Embedded Multiplier Blocks            ; --          ;
; Embedded Multiplier 9-bit elements    ; 6           ;
; Signed Embedded Multipliers           ; 0           ;
; Unsigned Embedded Multipliers         ; 3           ;
; Mixed Sign Embedded Multipliers       ; 0           ;
; Variable Sign Embedded Multipliers    ; 0           ;
; Dedicated Input Shift Register Chains ; 0           ;
+---------------------------------------+-------------+
Note: number of Embedded Multiplier Blocks used is only available after a successful fit.


+----------------------------------------------------------------------------------------------------------------------+
; Analysis & Synthesis IP Cores Summary                                                                                ;
+--------+--------------+---------+--------------+--------------+------------------------------------+-----------------+
; Vendor ; IP Core Name ; Version ; Release Date ; License Type ; Entity Instance                    ; IP Include File ;
+--------+--------------+---------+--------------+--------------+------------------------------------+-----------------+
; Altera ; RAM: 1-PORT  ; 16.1    ; N/A          ; N/A          ; |cpu_ctrl|main_memory:main_memory  ; main_memory.v   ;
; Altera ; RAM: 1-PORT  ; 16.1    ; N/A          ; N/A          ; |cpu_ctrl|program_store:my_program ; program_store.v ;
+--------+--------------+---------+--------------+--------------+------------------------------------+-----------------+


+--------------------------------------------------------------------------------+
; Registers Removed During Synthesis                                             ;
+---------------------------------------+----------------------------------------+
; Register name                         ; Reason for Removal                     ;
+---------------------------------------+----------------------------------------+
; cl7[3]                                ; Stuck at GND due to stuck port data_in ;
; Total Number of Removed Registers = 1 ;                                        ;
+---------------------------------------+----------------------------------------+


+------------------------------------------------------+
; General Register Statistics                          ;
+----------------------------------------------+-------+
; Statistic                                    ; Value ;
+----------------------------------------------+-------+
; Total registers                              ; 1132  ;
; Number of registers using Synchronous Clear  ; 27    ;
; Number of registers using Synchronous Load   ; 0     ;
; Number of registers using Asynchronous Clear ; 1130  ;
; Number of registers using Asynchronous Load  ; 0     ;
; Number of registers using Clock Enable       ; 1126  ;
; Number of registers using Preset             ; 0     ;
+----------------------------------------------+-------+


+-------------------------------------------------------------------------------------------------------------------------------------------------------+
; Multiplexer Restructuring Statistics (Restructuring Performed)                                                                                        ;
+--------------------+-----------+---------------+----------------------+------------------------+------------+-----------------------------------------+
; Multiplexer Inputs ; Bus Width ; Baseline Area ; Area if Restructured ; Saving if Restructured ; Registered ; Example Multiplexer Output              ;
+--------------------+-----------+---------------+----------------------+------------------------+------------+-----------------------------------------+
; 3:1                ; 2 bits    ; 4 LEs         ; 2 LEs                ; 2 LEs                  ; Yes        ; |cpu_ctrl|cl7[0]                        ;
; 33:1               ; 32 bits   ; 704 LEs       ; 672 LEs              ; 32 LEs                 ; Yes        ; |cpu_ctrl|reg_file:main_reg|rf_out2[28] ;
; 33:1               ; 32 bits   ; 704 LEs       ; 672 LEs              ; 32 LEs                 ; Yes        ; |cpu_ctrl|reg_file:main_reg|rf_out1[6]  ;
; 7:1                ; 8 bits    ; 32 LEs        ; 24 LEs               ; 8 LEs                  ; Yes        ; |cpu_ctrl|PC[7]~reg0                    ;
; 3:1                ; 6 bits    ; 12 LEs        ; 6 LEs                ; 6 LEs                  ; No         ; |cpu_ctrl|alu_in2[4]                    ;
; 4:1                ; 5 bits    ; 10 LEs        ; 5 LEs                ; 5 LEs                  ; No         ; |cpu_ctrl|reg_store_addr[3]             ;
; 6:1                ; 5 bits    ; 20 LEs        ; 10 LEs               ; 10 LEs                 ; No         ; |cpu_ctrl|reg_read_addr2[3]             ;
; 6:1                ; 8 bits    ; 32 LEs        ; 8 LEs                ; 24 LEs                 ; No         ; |cpu_ctrl|mem_addr[4]                   ;
; 7:1                ; 32 bits   ; 128 LEs       ; 32 LEs               ; 96 LEs                 ; No         ; |cpu_ctrl|mem_data_in[3]                ;
; 7:1                ; 4 bits    ; 16 LEs        ; 12 LEs               ; 4 LEs                  ; No         ; |cpu_ctrl|reg_data_in[1]                ;
; 7:1                ; 5 bits    ; 20 LEs        ; 5 LEs                ; 15 LEs                 ; No         ; |cpu_ctrl|reg_read_addr1[4]             ;
; 34:1               ; 20 bits   ; 440 LEs       ; 20 LEs               ; 420 LEs                ; No         ; |cpu_ctrl|alu_in2[29]                   ;
; 35:1               ; 5 bits    ; 115 LEs       ; 10 LEs               ; 105 LEs                ; No         ; |cpu_ctrl|alu_in2[6]                    ;
; 8:1                ; 32 bits   ; 160 LEs       ; 32 LEs               ; 128 LEs                ; No         ; |cpu_ctrl|alu_in1[12]                   ;
; 8:1                ; 3 bits    ; 15 LEs        ; 6 LEs                ; 9 LEs                  ; No         ; |cpu_ctrl|alu_ctrl                      ;
; 36:1               ; 4 bits    ; 96 LEs        ; 92 LEs               ; 4 LEs                  ; No         ; |cpu_ctrl|reg_file:main_reg|regFile     ;
; 11:1               ; 5 bits    ; 35 LEs        ; 20 LEs               ; 15 LEs                 ; No         ; |cpu_ctrl|alu_in2[0]                    ;
; 39:1               ; 4 bits    ; 104 LEs       ; 40 LEs               ; 64 LEs                 ; No         ; |cpu_ctrl|ALU:alu|Mux25                 ;
; 40:1               ; 2 bits    ; 52 LEs        ; 22 LEs               ; 30 LEs                 ; No         ; |cpu_ctrl|ALU:alu|Mux30                 ;
; 42:1               ; 4 bits    ; 112 LEs       ; 104 LEs              ; 8 LEs                  ; No         ; |cpu_ctrl|reg_file:main_reg|regFile     ;
; 76:1               ; 4 bits    ; 200 LEs       ; 136 LEs              ; 64 LEs                 ; No         ; |cpu_ctrl|reg_file:main_reg|regFile     ;
; 77:1               ; 7 bits    ; 357 LEs       ; 238 LEs              ; 119 LEs                ; No         ; |cpu_ctrl|reg_file:main_reg|regFile     ;
; 77:1               ; 3 bits    ; 153 LEs       ; 99 LEs               ; 54 LEs                 ; No         ; |cpu_ctrl|reg_file:main_reg|regFile     ;
; 78:1               ; 4 bits    ; 208 LEs       ; 140 LEs              ; 68 LEs                 ; No         ; |cpu_ctrl|reg_file:main_reg|regFile     ;
; 79:1               ; 2 bits    ; 104 LEs       ; 70 LEs               ; 34 LEs                 ; No         ; |cpu_ctrl|reg_file:main_reg|regFile     ;
+--------------------+-----------+---------------+----------------------+------------------------+------------+-----------------------------------------+


+---------------------------------------------------------------------------------------------------------------+
; Source assignments for main_memory:main_memory|altsyncram:altsyncram_component|altsyncram_fpi1:auto_generated ;
+---------------------------------+--------------------+------+-------------------------------------------------+
; Assignment                      ; Value              ; From ; To                                              ;
+---------------------------------+--------------------+------+-------------------------------------------------+
; OPTIMIZE_POWER_DURING_SYNTHESIS ; NORMAL_COMPILATION ; -    ; -                                               ;
+---------------------------------+--------------------+------+-------------------------------------------------+


+----------------------------------------------------------------------------------------------------------------+
; Source assignments for program_store:my_program|altsyncram:altsyncram_component|altsyncram_aci1:auto_generated ;
+---------------------------------+--------------------+------+--------------------------------------------------+
; Assignment                      ; Value              ; From ; To                                               ;
+---------------------------------+--------------------+------+--------------------------------------------------+
; OPTIMIZE_POWER_DURING_SYNTHESIS ; NORMAL_COMPILATION ; -    ; -                                                ;
+---------------------------------+--------------------+------+--------------------------------------------------+


+------------------------------------------------------------------------------------------------------+
; Parameter Settings for User Entity Instance: main_memory:main_memory|altsyncram:altsyncram_component ;
+------------------------------------+----------------------+------------------------------------------+
; Parameter Name                     ; Value                ; Type                                     ;
+------------------------------------+----------------------+------------------------------------------+
; BYTE_SIZE_BLOCK                    ; 8                    ; Untyped                                  ;
; AUTO_CARRY_CHAINS                  ; ON                   ; AUTO_CARRY                               ;
; IGNORE_CARRY_BUFFERS               ; OFF                  ; IGNORE_CARRY                             ;
; AUTO_CASCADE_CHAINS                ; ON                   ; AUTO_CASCADE                             ;
; IGNORE_CASCADE_BUFFERS             ; OFF                  ; IGNORE_CASCADE                           ;
; WIDTH_BYTEENA                      ; 1                    ; Untyped                                  ;
; OPERATION_MODE                     ; SINGLE_PORT          ; Untyped                                  ;
; WIDTH_A                            ; 32                   ; Signed Integer                           ;
; WIDTHAD_A                          ; 8                    ; Signed Integer                           ;
; NUMWORDS_A                         ; 256                  ; Signed Integer                           ;
; OUTDATA_REG_A                      ; UNREGISTERED         ; Untyped                                  ;
; ADDRESS_ACLR_A                     ; NONE                 ; Untyped                                  ;
; OUTDATA_ACLR_A                     ; NONE                 ; Untyped                                  ;
; WRCONTROL_ACLR_A                   ; NONE                 ; Untyped                                  ;
; INDATA_ACLR_A                      ; NONE                 ; Untyped                                  ;
; BYTEENA_ACLR_A                     ; NONE                 ; Untyped                                  ;
; WIDTH_B                            ; 1                    ; Untyped                                  ;
; WIDTHAD_B                          ; 1                    ; Untyped                                  ;
; NUMWORDS_B                         ; 1                    ; Untyped                                  ;
; INDATA_REG_B                       ; CLOCK1               ; Untyped                                  ;
; WRCONTROL_WRADDRESS_REG_B          ; CLOCK1               ; Untyped                                  ;
; RDCONTROL_REG_B                    ; CLOCK1               ; Untyped                                  ;
; ADDRESS_REG_B                      ; CLOCK1               ; Untyped                                  ;
; OUTDATA_REG_B                      ; UNREGISTERED         ; Untyped                                  ;
; BYTEENA_REG_B                      ; CLOCK1               ; Untyped                                  ;
; INDATA_ACLR_B                      ; NONE                 ; Untyped                                  ;
; WRCONTROL_ACLR_B                   ; NONE                 ; Untyped                                  ;
; ADDRESS_ACLR_B                     ; NONE                 ; Untyped                                  ;
; OUTDATA_ACLR_B                     ; NONE                 ; Untyped                                  ;
; RDCONTROL_ACLR_B                   ; NONE                 ; Untyped                                  ;
; BYTEENA_ACLR_B                     ; NONE                 ; Untyped                                  ;
; WIDTH_BYTEENA_A                    ; 1                    ; Signed Integer                           ;
; WIDTH_BYTEENA_B                    ; 1                    ; Untyped                                  ;
; RAM_BLOCK_TYPE                     ; AUTO                 ; Untyped                                  ;
; BYTE_SIZE                          ; 8                    ; Untyped                                  ;
; READ_DURING_WRITE_MODE_MIXED_PORTS ; DONT_CARE            ; Untyped                                  ;
; READ_DURING_WRITE_MODE_PORT_A      ; NEW_DATA_NO_NBE_READ ; Untyped                                  ;
; READ_DURING_WRITE_MODE_PORT_B      ; NEW_DATA_NO_NBE_READ ; Untyped                                  ;
; INIT_FILE                          ; main_memory.mif      ; Untyped                                  ;
; INIT_FILE_LAYOUT                   ; PORT_A               ; Untyped                                  ;
; MAXIMUM_DEPTH                      ; 0                    ; Untyped                                  ;
; CLOCK_ENABLE_INPUT_A               ; BYPASS               ; Untyped                                  ;
; CLOCK_ENABLE_INPUT_B               ; NORMAL               ; Untyped                                  ;
; CLOCK_ENABLE_OUTPUT_A              ; BYPASS               ; Untyped                                  ;
; CLOCK_ENABLE_OUTPUT_B              ; NORMAL               ; Untyped                                  ;
; CLOCK_ENABLE_CORE_A                ; USE_INPUT_CLKEN      ; Untyped                                  ;
; CLOCK_ENABLE_CORE_B                ; USE_INPUT_CLKEN      ; Untyped                                  ;
; ENABLE_ECC                         ; FALSE                ; Untyped                                  ;
; ECC_PIPELINE_STAGE_ENABLED         ; FALSE                ; Untyped                                  ;
; WIDTH_ECCSTATUS                    ; 3                    ; Untyped                                  ;
; DEVICE_FAMILY                      ; Cyclone IV E         ; Untyped                                  ;
; CBXI_PARAMETER                     ; altsyncram_fpi1      ; Untyped                                  ;
+------------------------------------+----------------------+------------------------------------------+
Note: In order to hide this table in the UI and the text report file, please set the "Show Parameter Settings in Synthesis Report" option in "Analysis and Synthesis Settings -> More Settings" to "Off".


+-------------------------------------------------------------------------------------------------------+
; Parameter Settings for User Entity Instance: program_store:my_program|altsyncram:altsyncram_component ;
+------------------------------------+----------------------+-------------------------------------------+
; Parameter Name                     ; Value                ; Type                                      ;
+------------------------------------+----------------------+-------------------------------------------+
; BYTE_SIZE_BLOCK                    ; 8                    ; Untyped                                   ;
; AUTO_CARRY_CHAINS                  ; ON                   ; AUTO_CARRY                                ;
; IGNORE_CARRY_BUFFERS               ; OFF                  ; IGNORE_CARRY                              ;
; AUTO_CASCADE_CHAINS                ; ON                   ; AUTO_CASCADE                              ;
; IGNORE_CASCADE_BUFFERS             ; OFF                  ; IGNORE_CASCADE                            ;
; WIDTH_BYTEENA                      ; 1                    ; Untyped                                   ;
; OPERATION_MODE                     ; SINGLE_PORT          ; Untyped                                   ;
; WIDTH_A                            ; 32                   ; Signed Integer                            ;
; WIDTHAD_A                          ; 8                    ; Signed Integer                            ;
; NUMWORDS_A                         ; 256                  ; Signed Integer                            ;
; OUTDATA_REG_A                      ; UNREGISTERED         ; Untyped                                   ;
; ADDRESS_ACLR_A                     ; NONE                 ; Untyped                                   ;
; OUTDATA_ACLR_A                     ; NONE                 ; Untyped                                   ;
; WRCONTROL_ACLR_A                   ; NONE                 ; Untyped                                   ;
; INDATA_ACLR_A                      ; NONE                 ; Untyped                                   ;
; BYTEENA_ACLR_A                     ; NONE                 ; Untyped                                   ;
; WIDTH_B                            ; 1                    ; Untyped                                   ;
; WIDTHAD_B                          ; 1                    ; Untyped                                   ;
; NUMWORDS_B                         ; 1                    ; Untyped                                   ;
; INDATA_REG_B                       ; CLOCK1               ; Untyped                                   ;
; WRCONTROL_WRADDRESS_REG_B          ; CLOCK1               ; Untyped                                   ;
; RDCONTROL_REG_B                    ; CLOCK1               ; Untyped                                   ;
; ADDRESS_REG_B                      ; CLOCK1               ; Untyped                                   ;
; OUTDATA_REG_B                      ; UNREGISTERED         ; Untyped                                   ;
; BYTEENA_REG_B                      ; CLOCK1               ; Untyped                                   ;
; INDATA_ACLR_B                      ; NONE                 ; Untyped                                   ;
; WRCONTROL_ACLR_B                   ; NONE                 ; Untyped                                   ;
; ADDRESS_ACLR_B                     ; NONE                 ; Untyped                                   ;
; OUTDATA_ACLR_B                     ; NONE                 ; Untyped                                   ;
; RDCONTROL_ACLR_B                   ; NONE                 ; Untyped                                   ;
; BYTEENA_ACLR_B                     ; NONE                 ; Untyped                                   ;
; WIDTH_BYTEENA_A                    ; 1                    ; Signed Integer                            ;
; WIDTH_BYTEENA_B                    ; 1                    ; Untyped                                   ;
; RAM_BLOCK_TYPE                     ; AUTO                 ; Untyped                                   ;
; BYTE_SIZE                          ; 8                    ; Untyped                                   ;
; READ_DURING_WRITE_MODE_MIXED_PORTS ; DONT_CARE            ; Untyped                                   ;
; READ_DURING_WRITE_MODE_PORT_A      ; NEW_DATA_NO_NBE_READ ; Untyped                                   ;
; READ_DURING_WRITE_MODE_PORT_B      ; NEW_DATA_NO_NBE_READ ; Untyped                                   ;
; INIT_FILE                          ; program.mif          ; Untyped                                   ;
; INIT_FILE_LAYOUT                   ; PORT_A               ; Untyped                                   ;
; MAXIMUM_DEPTH                      ; 0                    ; Untyped                                   ;
; CLOCK_ENABLE_INPUT_A               ; BYPASS               ; Untyped                                   ;
; CLOCK_ENABLE_INPUT_B               ; NORMAL               ; Untyped                                   ;
; CLOCK_ENABLE_OUTPUT_A              ; BYPASS               ; Untyped                                   ;
; CLOCK_ENABLE_OUTPUT_B              ; NORMAL               ; Untyped                                   ;
; CLOCK_ENABLE_CORE_A                ; USE_INPUT_CLKEN      ; Untyped                                   ;
; CLOCK_ENABLE_CORE_B                ; USE_INPUT_CLKEN      ; Untyped                                   ;
; ENABLE_ECC                         ; FALSE                ; Untyped                                   ;
; ECC_PIPELINE_STAGE_ENABLED         ; FALSE                ; Untyped                                   ;
; WIDTH_ECCSTATUS                    ; 3                    ; Untyped                                   ;
; DEVICE_FAMILY                      ; Cyclone IV E         ; Untyped                                   ;
; CBXI_PARAMETER                     ; altsyncram_aci1      ; Untyped                                   ;
+------------------------------------+----------------------+-------------------------------------------+
Note: In order to hide this table in the UI and the text report file, please set the "Show Parameter Settings in Synthesis Report" option in "Analysis and Synthesis Settings -> More Settings" to "Off".


+-------------------------------------------------------------------------------------+
; Parameter Settings for Inferred Entity Instance: ALU:alu|lpm_mult:Mult0             ;
+------------------------------------------------+--------------+---------------------+
; Parameter Name                                 ; Value        ; Type                ;
+------------------------------------------------+--------------+---------------------+
; AUTO_CARRY_CHAINS                              ; ON           ; AUTO_CARRY          ;
; IGNORE_CARRY_BUFFERS                           ; OFF          ; IGNORE_CARRY        ;
; AUTO_CASCADE_CHAINS                            ; ON           ; AUTO_CASCADE        ;
; IGNORE_CASCADE_BUFFERS                         ; OFF          ; IGNORE_CASCADE      ;
; LPM_WIDTHA                                     ; 32           ; Untyped             ;
; LPM_WIDTHB                                     ; 32           ; Untyped             ;
; LPM_WIDTHP                                     ; 64           ; Untyped             ;
; LPM_WIDTHR                                     ; 64           ; Untyped             ;
; LPM_WIDTHS                                     ; 1            ; Untyped             ;
; LPM_REPRESENTATION                             ; UNSIGNED     ; Untyped             ;
; LPM_PIPELINE                                   ; 0            ; Untyped             ;
; LATENCY                                        ; 0            ; Untyped             ;
; INPUT_A_IS_CONSTANT                            ; NO           ; Untyped             ;
; INPUT_B_IS_CONSTANT                            ; NO           ; Untyped             ;
; USE_EAB                                        ; OFF          ; Untyped             ;
; MAXIMIZE_SPEED                                 ; 5            ; Untyped             ;
; DEVICE_FAMILY                                  ; Cyclone IV E ; Untyped             ;
; CARRY_CHAIN                                    ; MANUAL       ; Untyped             ;
; APEX20K_TECHNOLOGY_MAPPER                      ; LUT          ; TECH_MAPPER_APEX20K ;
; DEDICATED_MULTIPLIER_CIRCUITRY                 ; AUTO         ; Untyped             ;
; DEDICATED_MULTIPLIER_MIN_INPUT_WIDTH_FOR_AUTO  ; 0            ; Untyped             ;
; DEDICATED_MULTIPLIER_MIN_OUTPUT_WIDTH_FOR_AUTO ; 0            ; Untyped             ;
; CBXI_PARAMETER                                 ; mult_7dt     ; Untyped             ;
; INPUT_A_FIXED_VALUE                            ; Bx           ; Untyped             ;
; INPUT_B_FIXED_VALUE                            ; Bx           ; Untyped             ;
; USE_AHDL_IMPLEMENTATION                        ; OFF          ; Untyped             ;
+------------------------------------------------+--------------+---------------------+
Note: In order to hide this table in the UI and the text report file, please set the "Show Parameter Settings in Synthesis Report" option in "Analysis and Synthesis Settings -> More Settings" to "Off".


+------------------------------------------------------------------------------------------------------+
; altsyncram Parameter Settings by Entity Instance                                                     ;
+-------------------------------------------+----------------------------------------------------------+
; Name                                      ; Value                                                    ;
+-------------------------------------------+----------------------------------------------------------+
; Number of entity instances                ; 2                                                        ;
; Entity Instance                           ; main_memory:main_memory|altsyncram:altsyncram_component  ;
;     -- OPERATION_MODE                     ; SINGLE_PORT                                              ;
;     -- WIDTH_A                            ; 32                                                       ;
;     -- NUMWORDS_A                         ; 256                                                      ;
;     -- OUTDATA_REG_A                      ; UNREGISTERED                                             ;
;     -- WIDTH_B                            ; 1                                                        ;
;     -- NUMWORDS_B                         ; 1                                                        ;
;     -- ADDRESS_REG_B                      ; CLOCK1                                                   ;
;     -- OUTDATA_REG_B                      ; UNREGISTERED                                             ;
;     -- RAM_BLOCK_TYPE                     ; AUTO                                                     ;
;     -- READ_DURING_WRITE_MODE_MIXED_PORTS ; DONT_CARE                                                ;
; Entity Instance                           ; program_store:my_program|altsyncram:altsyncram_component ;
;     -- OPERATION_MODE                     ; SINGLE_PORT                                              ;
;     -- WIDTH_A                            ; 32                                                       ;
;     -- NUMWORDS_A                         ; 256                                                      ;
;     -- OUTDATA_REG_A                      ; UNREGISTERED                                             ;
;     -- WIDTH_B                            ; 1                                                        ;
;     -- NUMWORDS_B                         ; 1                                                        ;
;     -- ADDRESS_REG_B                      ; CLOCK1                                                   ;
;     -- OUTDATA_REG_B                      ; UNREGISTERED                                             ;
;     -- RAM_BLOCK_TYPE                     ; AUTO                                                     ;
;     -- READ_DURING_WRITE_MODE_MIXED_PORTS ; DONT_CARE                                                ;
+-------------------------------------------+----------------------------------------------------------+


+----------------------------------------------------------------+
; lpm_mult Parameter Settings by Entity Instance                 ;
+---------------------------------------+------------------------+
; Name                                  ; Value                  ;
+---------------------------------------+------------------------+
; Number of entity instances            ; 1                      ;
; Entity Instance                       ; ALU:alu|lpm_mult:Mult0 ;
;     -- LPM_WIDTHA                     ; 32                     ;
;     -- LPM_WIDTHB                     ; 32                     ;
;     -- LPM_WIDTHP                     ; 64                     ;
;     -- LPM_REPRESENTATION             ; UNSIGNED               ;
;     -- INPUT_A_IS_CONSTANT            ; NO                     ;
;     -- INPUT_B_IS_CONSTANT            ; NO                     ;
;     -- USE_EAB                        ; OFF                    ;
;     -- DEDICATED_MULTIPLIER_CIRCUITRY ; AUTO                   ;
;     -- INPUT_A_FIXED_VALUE            ; Bx                     ;
;     -- INPUT_B_FIXED_VALUE            ; Bx                     ;
+---------------------------------------+------------------------+


+------------------------------------------------------+
; Port Connectivity Checks: "program_store:my_program" ;
+------+-------+----------+----------------------------+
; Port ; Type  ; Severity ; Details                    ;
+------+-------+----------+----------------------------+
; data ; Input ; Info     ; Stuck at GND               ;
; wren ; Input ; Info     ; Stuck at GND               ;
+------+-------+----------+----------------------------+


+-----------------------------------------------------+
; Post-Synthesis Netlist Statistics for Top Partition ;
+-----------------------+-----------------------------+
; Type                  ; Count                       ;
+-----------------------+-----------------------------+
; boundary_port         ; 87                          ;
; cycloneiii_ff         ; 1132                        ;
;     CLR               ; 5                           ;
;     ENA               ; 1                           ;
;     ENA CLR           ; 1098                        ;
;     ENA CLR SCLR      ; 27                          ;
;     plain             ; 1                           ;
; cycloneiii_lcell_comb ; 3495                        ;
;     arith             ; 173                         ;
;         2 data inputs ; 33                          ;
;         3 data inputs ; 140                         ;
;     normal            ; 3322                        ;
;         0 data inputs ; 1                           ;
;         1 data inputs ; 11                          ;
;         2 data inputs ; 148                         ;
;         3 data inputs ; 288                         ;
;         4 data inputs ; 2874                        ;
; cycloneiii_mac_mult   ; 3                           ;
; cycloneiii_mac_out    ; 3                           ;
; cycloneiii_ram_block  ; 64                          ;
;                       ;                             ;
; Max LUT depth         ; 20.00                       ;
; Average LUT depth     ; 9.32                        ;
+-----------------------+-----------------------------+


+-------------------------------+
; Elapsed Time Per Partition    ;
+----------------+--------------+
; Partition Name ; Elapsed Time ;
+----------------+--------------+
; Top            ; 00:00:18     ;
+----------------+--------------+


+-------------------------------+
; Analysis & Synthesis Messages ;
+-------------------------------+
Info: *******************************************************************
Info: Running Quartus Prime Analysis & Synthesis
    Info: Version 16.1.0 Build 196 10/24/2016 SJ Lite Edition
    Info: Processing started: Thu May 11 13:32:47 2023
Info: Command: quartus_map --read_settings_files=on --write_settings_files=off cpu_ctrl -c cpu_ctrl
Warning (18236): Number of processors has not been specified which may cause overloading on shared machines.  Set the global assignment NUM_PARALLEL_PROCESSORS in your QSF to an appropriate value for best performance.
Info (20030): Parallel compilation is enabled and will use 4 of the 4 processors detected
Info (12021): Found 1 design units, including 1 entities, in source file reg_file.v
    Info (12023): Found entity 1: reg_file File: C:/intelFPGA_lite/projects289/basic_CPU/reg_file.v Line: 1
Info (12021): Found 1 design units, including 1 entities, in source file alu.v
    Info (12023): Found entity 1: ALU File: C:/intelFPGA_lite/projects289/basic_CPU/ALU.v Line: 1
Info (12021): Found 1 design units, including 1 entities, in source file cpu_ctrl.v
    Info (12023): Found entity 1: cpu_ctrl File: C:/intelFPGA_lite/projects289/basic_CPU/cpu_ctrl.v Line: 1
Info (12021): Found 1 design units, including 1 entities, in source file main_memory.v
    Info (12023): Found entity 1: main_memory File: C:/intelFPGA_lite/projects289/basic_CPU/main_memory.v Line: 40
Info (12021): Found 1 design units, including 1 entities, in source file program_store.v
    Info (12023): Found entity 1: program_store File: C:/intelFPGA_lite/projects289/basic_CPU/program_store.v Line: 40
Info (12021): Found 1 design units, including 1 entities, in source file tb.v
    Info (12023): Found entity 1: tb File: C:/intelFPGA_lite/projects289/basic_CPU/tb.v Line: 3
Info (12021): Found 1 design units, including 1 entities, in source file display.v
    Info (12023): Found entity 1: display File: C:/intelFPGA_lite/projects289/basic_CPU/display.v Line: 1
Info (12127): Elaborating entity "cpu_ctrl" for the top level hierarchy
Info (12128): Elaborating entity "display" for hierarchy "display:result" File: C:/intelFPGA_lite/projects289/basic_CPU/cpu_ctrl.v Line: 34
Info (12128): Elaborating entity "ALU" for hierarchy "ALU:alu" File: C:/intelFPGA_lite/projects289/basic_CPU/cpu_ctrl.v Line: 75
Info (12128): Elaborating entity "main_memory" for hierarchy "main_memory:main_memory" File: C:/intelFPGA_lite/projects289/basic_CPU/cpu_ctrl.v Line: 95
Info (12128): Elaborating entity "altsyncram" for hierarchy "main_memory:main_memory|altsyncram:altsyncram_component" File: C:/intelFPGA_lite/projects289/basic_CPU/main_memory.v Line: 86
Info (12130): Elaborated megafunction instantiation "main_memory:main_memory|altsyncram:altsyncram_component" File: C:/intelFPGA_lite/projects289/basic_CPU/main_memory.v Line: 86
Info (12133): Instantiated megafunction "main_memory:main_memory|altsyncram:altsyncram_component" with the following parameter: File: C:/intelFPGA_lite/projects289/basic_CPU/main_memory.v Line: 86
    Info (12134): Parameter "clock_enable_input_a" = "BYPASS"
    Info (12134): Parameter "clock_enable_output_a" = "BYPASS"
    Info (12134): Parameter "init_file" = "main_memory.mif"
    Info (12134): Parameter "intended_device_family" = "Cyclone IV E"
    Info (12134): Parameter "lpm_hint" = "ENABLE_RUNTIME_MOD=NO"
    Info (12134): Parameter "lpm_type" = "altsyncram"
    Info (12134): Parameter "numwords_a" = "256"
    Info (12134): Parameter "operation_mode" = "SINGLE_PORT"
    Info (12134): Parameter "outdata_aclr_a" = "NONE"
    Info (12134): Parameter "outdata_reg_a" = "UNREGISTERED"
    Info (12134): Parameter "power_up_uninitialized" = "FALSE"
    Info (12134): Parameter "read_during_write_mode_port_a" = "NEW_DATA_NO_NBE_READ"
    Info (12134): Parameter "widthad_a" = "8"
    Info (12134): Parameter "width_a" = "32"
    Info (12134): Parameter "width_byteena_a" = "1"
Info (12021): Found 1 design units, including 1 entities, in source file db/altsyncram_fpi1.tdf
    Info (12023): Found entity 1: altsyncram_fpi1 File: C:/intelFPGA_lite/projects289/basic_CPU/db/altsyncram_fpi1.tdf Line: 28
Info (12128): Elaborating entity "altsyncram_fpi1" for hierarchy "main_memory:main_memory|altsyncram:altsyncram_component|altsyncram_fpi1:auto_generated" File: c:/intelfpga_lite/16.1/quartus/libraries/megafunctions/altsyncram.tdf Line: 792
Info (12128): Elaborating entity "program_store" for hierarchy "program_store:my_program" File: C:/intelFPGA_lite/projects289/basic_CPU/cpu_ctrl.v Line: 114
Info (12128): Elaborating entity "altsyncram" for hierarchy "program_store:my_program|altsyncram:altsyncram_component" File: C:/intelFPGA_lite/projects289/basic_CPU/program_store.v Line: 86
Info (12130): Elaborated megafunction instantiation "program_store:my_program|altsyncram:altsyncram_component" File: C:/intelFPGA_lite/projects289/basic_CPU/program_store.v Line: 86
Info (12133): Instantiated megafunction "program_store:my_program|altsyncram:altsyncram_component" with the following parameter: File: C:/intelFPGA_lite/projects289/basic_CPU/program_store.v Line: 86
    Info (12134): Parameter "clock_enable_input_a" = "BYPASS"
    Info (12134): Parameter "clock_enable_output_a" = "BYPASS"
    Info (12134): Parameter "init_file" = "program.mif"
    Info (12134): Parameter "intended_device_family" = "Cyclone IV E"
    Info (12134): Parameter "lpm_hint" = "ENABLE_RUNTIME_MOD=NO"
    Info (12134): Parameter "lpm_type" = "altsyncram"
    Info (12134): Parameter "numwords_a" = "256"
    Info (12134): Parameter "operation_mode" = "SINGLE_PORT"
    Info (12134): Parameter "outdata_aclr_a" = "NONE"
    Info (12134): Parameter "outdata_reg_a" = "UNREGISTERED"
    Info (12134): Parameter "power_up_uninitialized" = "FALSE"
    Info (12134): Parameter "read_during_write_mode_port_a" = "NEW_DATA_NO_NBE_READ"
    Info (12134): Parameter "widthad_a" = "8"
    Info (12134): Parameter "width_a" = "32"
    Info (12134): Parameter "width_byteena_a" = "1"
Info (12021): Found 1 design units, including 1 entities, in source file db/altsyncram_aci1.tdf
    Info (12023): Found entity 1: altsyncram_aci1 File: C:/intelFPGA_lite/projects289/basic_CPU/db/altsyncram_aci1.tdf Line: 28
Info (12128): Elaborating entity "altsyncram_aci1" for hierarchy "program_store:my_program|altsyncram:altsyncram_component|altsyncram_aci1:auto_generated" File: c:/intelfpga_lite/16.1/quartus/libraries/megafunctions/altsyncram.tdf Line: 792
Info (12128): Elaborating entity "reg_file" for hierarchy "reg_file:main_reg" File: C:/intelFPGA_lite/projects289/basic_CPU/cpu_ctrl.v Line: 142
Warning (10240): Verilog HDL Always Construct warning at reg_file.v(16): inferring latch(es) for variable "i", which holds its previous value in one or more paths through the always construct File: C:/intelFPGA_lite/projects289/basic_CPU/reg_file.v Line: 16
Info (278001): Inferred 1 megafunctions from design logic
    Info (278003): Inferred multiplier megafunction ("lpm_mult") from the following logic: "ALU:alu|Mult0" File: C:/intelFPGA_lite/projects289/basic_CPU/ALU.v Line: 25
Info (12130): Elaborated megafunction instantiation "ALU:alu|lpm_mult:Mult0" File: C:/intelFPGA_lite/projects289/basic_CPU/ALU.v Line: 25
Info (12133): Instantiated megafunction "ALU:alu|lpm_mult:Mult0" with the following parameter: File: C:/intelFPGA_lite/projects289/basic_CPU/ALU.v Line: 25
    Info (12134): Parameter "LPM_WIDTHA" = "32"
    Info (12134): Parameter "LPM_WIDTHB" = "32"
    Info (12134): Parameter "LPM_WIDTHP" = "64"
    Info (12134): Parameter "LPM_WIDTHR" = "64"
    Info (12134): Parameter "LPM_WIDTHS" = "1"
    Info (12134): Parameter "LPM_REPRESENTATION" = "UNSIGNED"
    Info (12134): Parameter "INPUT_A_IS_CONSTANT" = "NO"
    Info (12134): Parameter "INPUT_B_IS_CONSTANT" = "NO"
    Info (12134): Parameter "MAXIMIZE_SPEED" = "5"
Info (12021): Found 1 design units, including 1 entities, in source file db/mult_7dt.tdf
    Info (12023): Found entity 1: mult_7dt File: C:/intelFPGA_lite/projects289/basic_CPU/db/mult_7dt.tdf Line: 31
Warning (14284): Synthesized away the following node(s):
    Warning (14285): Synthesized away the following DSP element node(s):
        Warning (14320): Synthesized away node "ALU:alu|lpm_mult:Mult0|mult_7dt:auto_generated|mac_mult7" File: C:/intelFPGA_lite/projects289/basic_CPU/db/mult_7dt.tdf Line: 67
        Warning (14320): Synthesized away node "ALU:alu|lpm_mult:Mult0|mult_7dt:auto_generated|mac_out8" File: C:/intelFPGA_lite/projects289/basic_CPU/db/mult_7dt.tdf Line: 91
Info (13014): Ignored 84 buffer(s)
    Info (13019): Ignored 84 SOFT buffer(s)
Info (286030): Timing-Driven Synthesis is running
Info (144001): Generated suppressed messages file C:/intelFPGA_lite/projects289/basic_CPU/output_files/cpu_ctrl.map.smsg
Info (16010): Generating hard_block partition "hard_block:auto_generated_inst"
    Info (16011): Adding 0 node(s), including 0 DDIO, 0 PLL, 0 transceiver and 0 LCELL
Info (21057): Implemented 4668 device resources after synthesis - the final resource count might be different
    Info (21058): Implemented 18 input pins
    Info (21059): Implemented 69 output pins
    Info (21061): Implemented 4511 logic cells
    Info (21064): Implemented 64 RAM segments
    Info (21062): Implemented 6 DSP elements
Info: Quartus Prime Analysis & Synthesis was successful. 0 errors, 6 warnings
    Info: Peak virtual memory: 4801 megabytes
    Info: Processing ended: Thu May 11 13:33:17 2023
    Info: Elapsed time: 00:00:30
    Info: Total CPU time (on all processors): 00:00:42


+------------------------------------------+
; Analysis & Synthesis Suppressed Messages ;
+------------------------------------------+
The suppressed messages can be found in C:/intelFPGA_lite/projects289/basic_CPU/output_files/cpu_ctrl.map.smsg.


