MIF/HEX Update report for cpu_ctrl
Thu May 11 13:41:00 2023
Quartus Prime Version 16.1.0 Build 196 10/24/2016 SJ Lite Edition


---------------------
; Table of Contents ;
---------------------
  1. Legal Notice
  2. MIF/HEX Update Summary
  3. MIF/HEX Update Processed Files
  4. MIF/HEX Update Messages



----------------
; Legal Notice ;
----------------
Copyright (C) 2016  Intel Corporation. All rights reserved.
Your use of Intel Corporation's design tools, logic functions 
and other software and tools, and its AMPP partner logic 
functions, and any output files from any of the foregoing 
(including device programming or simulation files), and any 
associated documentation or information are expressly subject 
to the terms and conditions of the Intel Program License 
Subscription Agreement, the Intel Quartus Prime License Agreement,
the Intel MegaCore Function License Agreement, or other 
applicable license agreement, including, without limitation, 
that your use is for the sole purpose of programming logic 
devices manufactured by Intel and sold by Intel or its 
authorized distributors.  Please refer to the applicable 
agreement for further details.



+---------------------------------------------------------------+
; MIF/HEX Update Summary                                        ;
+-----------------------+---------------------------------------+
; MIF/HEX Update Status ; Successful - Thu May 11 13:41:00 2023 ;
; Revision Name         ; cpu_ctrl                              ;
; Top-level Entity Name ; cpu_ctrl                              ;
; Family                ; Cyclone IV E                          ;
; Device                ; EP4CE115F29C7                         ;
+-----------------------+---------------------------------------+


+---------------------------------------------------------+
; MIF/HEX Update Processed Files                          ;
+---------------------------------------------------------+
; File Name                                               ;
+---------------------------------------------------------+
; C:/intelFPGA_lite/projects289/basic_CPU/main_memory.mif ;
; C:/intelFPGA_lite/projects289/basic_CPU/program.mif     ;
+---------------------------------------------------------+


+-------------------------+
; MIF/HEX Update Messages ;
+-------------------------+
Info: *******************************************************************
Info: Running Quartus Prime MIF/HEX Update
    Info: Version 16.1.0 Build 196 10/24/2016 SJ Lite Edition
    Info: Processing started: Thu May 11 13:40:59 2023
Info: Command: quartus_cdb cpu_ctrl -c cpu_ctrl --update_mif
Warning (18236): Number of processors has not been specified which may cause overloading on shared machines.  Set the global assignment NUM_PARALLEL_PROCESSORS in your QSF to an appropriate value for best performance.
Info (39024): Processed the following Memory Initialization File(s)
    Info (39025): Processed Memory Initialization File C:/intelFPGA_lite/projects289/basic_CPU/main_memory.mif File: C:/intelFPGA_lite/projects289/basic_CPU/main_memory.mif Line: 0
    Info (39025): Processed Memory Initialization File C:/intelFPGA_lite/projects289/basic_CPU/program.mif File: C:/intelFPGA_lite/projects289/basic_CPU/program.mif Line: 0
Info: Quartus Prime MIF/HEX Update was successful. 0 errors, 1 warning
    Info: Peak virtual memory: 4776 megabytes
    Info: Processing ended: Thu May 11 13:41:00 2023
    Info: Elapsed time: 00:00:01
    Info: Total CPU time (on all processors): 00:00:01


